2013-10-25 12:26:47,605 - SimpleLog4JLogSystem initialized using logfile 'velocity.log'
2013-10-25 12:26:47,605 - ************************************************************** 
2013-10-25 12:26:47,605 - Starting Jakarta Velocity v1.4
2013-10-25 12:26:47,606 - RuntimeInstance initializing.
2013-10-25 12:26:47,606 - Default Properties File: org/apache/velocity/runtime/defaults/velocity.properties
2013-10-25 12:26:47,606 - Trying to use logger class org.apache.velocity.runtime.log.SimpleLog4JLogSystem
2013-10-25 12:26:47,606 - Using logger class org.apache.velocity.runtime.log.SimpleLog4JLogSystem
2013-10-25 12:26:47,609 - Default ResourceManager initializing. (class org.apache.velocity.runtime.resource.ResourceManagerImpl)
2013-10-25 12:26:47,612 - Resource Loader Instantiated: org.apache.velocity.runtime.resource.loader.ClasspathResourceLoader
2013-10-25 12:26:47,613 - ClasspathResourceLoader : initialization starting.
2013-10-25 12:26:47,613 - ClasspathResourceLoader : initialization complete.
2013-10-25 12:26:47,614 - ResourceCache : initialized. (class org.apache.velocity.runtime.resource.ResourceCacheImpl)
2013-10-25 12:26:47,614 - Default ResourceManager initialization complete.
2013-10-25 12:26:47,617 - Loaded System Directive: org.apache.velocity.runtime.directive.Literal
2013-10-25 12:26:47,619 - Loaded System Directive: org.apache.velocity.runtime.directive.Macro
2013-10-25 12:26:47,621 - Loaded System Directive: org.apache.velocity.runtime.directive.Parse
2013-10-25 12:26:47,624 - Loaded System Directive: org.apache.velocity.runtime.directive.Include
2013-10-25 12:26:47,624 - Loaded System Directive: org.apache.velocity.runtime.directive.Foreach
2013-10-25 12:26:47,662 - Created: 20 parsers.
2013-10-25 12:26:47,670 - Velocimacro : initialization starting.
2013-10-25 12:26:47,670 - Velocimacro : adding VMs from VM library template : VM_global_library.vm
2013-10-25 12:26:47,675 - ResourceManager : unable to find resource 'VM_global_library.vm' in any resource loader.
2013-10-25 12:26:47,675 - Velocimacro : error using  VM library template VM_global_library.vm : org.apache.velocity.exception.ResourceNotFoundException: Unable to find resource 'VM_global_library.vm'
2013-10-25 12:26:47,675 - Velocimacro :  VM library template macro registration complete.
2013-10-25 12:26:47,676 - Velocimacro : allowInline = true : VMs can be defined inline in templates
2013-10-25 12:26:47,676 - Velocimacro : allowInlineToOverride = false : VMs defined inline may NOT replace previous VM definitions
2013-10-25 12:26:47,676 - Velocimacro : allowInlineLocal = false : VMs defined inline will be  global in scope if allowed.
2013-10-25 12:26:47,676 - Velocimacro : messages on  : VM system will output logging messages
2013-10-25 12:26:47,676 - Velocimacro : autoload off  : VM system will not automatically reload global library macros
2013-10-25 12:26:47,676 - Velocimacro : initialization complete.
2013-10-25 12:26:47,676 - Velocity successfully started.
2013-10-25 12:32:14,696 - ResourceManager : found repast/simphony/scenario/Scenario.vt with loader org.apache.velocity.runtime.resource.loader.ClasspathResourceLoader
2013-10-25 12:32:14,758 - ResourceManager : found repast/simphony/parameter/parameters.vt with loader org.apache.velocity.runtime.resource.loader.ClasspathResourceLoader
2013-10-25 12:41:04,958 - SimpleLog4JLogSystem initialized using logfile 'velocity.log'
2013-10-25 12:41:04,958 - ************************************************************** 
2013-10-25 12:41:04,958 - Starting Jakarta Velocity v1.4
2013-10-25 12:41:04,958 - RuntimeInstance initializing.
2013-10-25 12:41:04,958 - Default Properties File: org/apache/velocity/runtime/defaults/velocity.properties
2013-10-25 12:41:04,959 - Trying to use logger class org.apache.velocity.runtime.log.SimpleLog4JLogSystem
2013-10-25 12:41:04,959 - Using logger class org.apache.velocity.runtime.log.SimpleLog4JLogSystem
2013-10-25 12:41:04,962 - Default ResourceManager initializing. (class org.apache.velocity.runtime.resource.ResourceManagerImpl)
2013-10-25 12:41:04,965 - Resource Loader Instantiated: org.apache.velocity.runtime.resource.loader.ClasspathResourceLoader
2013-10-25 12:41:05,352 - ClasspathResourceLoader : initialization starting.
2013-10-25 12:41:05,353 - ClasspathResourceLoader : initialization complete.
2013-10-25 12:41:05,355 - ResourceCache : initialized. (class org.apache.velocity.runtime.resource.ResourceCacheImpl)
2013-10-25 12:41:05,355 - Default ResourceManager initialization complete.
2013-10-25 12:41:05,357 - Loaded System Directive: org.apache.velocity.runtime.directive.Literal
2013-10-25 12:41:05,359 - Loaded System Directive: org.apache.velocity.runtime.directive.Macro
2013-10-25 12:41:05,362 - Loaded System Directive: org.apache.velocity.runtime.directive.Parse
2013-10-25 12:41:05,363 - Loaded System Directive: org.apache.velocity.runtime.directive.Include
2013-10-25 12:41:05,364 - Loaded System Directive: org.apache.velocity.runtime.directive.Foreach
2013-10-25 12:41:05,398 - Created: 20 parsers.
2013-10-25 12:41:05,404 - Velocimacro : initialization starting.
2013-10-25 12:41:05,405 - Velocimacro : adding VMs from VM library template : VM_global_library.vm
2013-10-25 12:41:05,415 - ResourceManager : unable to find resource 'VM_global_library.vm' in any resource loader.
2013-10-25 12:41:05,415 - Velocimacro : error using  VM library template VM_global_library.vm : org.apache.velocity.exception.ResourceNotFoundException: Unable to find resource 'VM_global_library.vm'
2013-10-25 12:41:05,415 - Velocimacro :  VM library template macro registration complete.
2013-10-25 12:41:05,415 - Velocimacro : allowInline = true : VMs can be defined inline in templates
2013-10-25 12:41:05,415 - Velocimacro : allowInlineToOverride = false : VMs defined inline may NOT replace previous VM definitions
2013-10-25 12:41:05,415 - Velocimacro : allowInlineLocal = false : VMs defined inline will be  global in scope if allowed.
2013-10-25 12:41:05,415 - Velocimacro : messages on  : VM system will output logging messages
2013-10-25 12:41:05,416 - Velocimacro : autoload off  : VM system will not automatically reload global library macros
2013-10-25 12:41:05,416 - Velocimacro : initialization complete.
2013-10-25 12:41:05,416 - Velocity successfully started.
2013-10-25 12:43:05,549 - SimpleLog4JLogSystem initialized using logfile 'velocity.log'
2013-10-25 12:43:05,549 - ************************************************************** 
2013-10-25 12:43:05,549 - Starting Jakarta Velocity v1.4
2013-10-25 12:43:05,549 - RuntimeInstance initializing.
2013-10-25 12:43:05,549 - Default Properties File: org/apache/velocity/runtime/defaults/velocity.properties
2013-10-25 12:43:05,549 - Trying to use logger class org.apache.velocity.runtime.log.SimpleLog4JLogSystem
2013-10-25 12:43:05,550 - Using logger class org.apache.velocity.runtime.log.SimpleLog4JLogSystem
2013-10-25 12:43:05,552 - Default ResourceManager initializing. (class org.apache.velocity.runtime.resource.ResourceManagerImpl)
2013-10-25 12:43:05,555 - Resource Loader Instantiated: org.apache.velocity.runtime.resource.loader.ClasspathResourceLoader
2013-10-25 12:43:05,555 - ClasspathResourceLoader : initialization starting.
2013-10-25 12:43:05,555 - ClasspathResourceLoader : initialization complete.
2013-10-25 12:43:05,557 - ResourceCache : initialized. (class org.apache.velocity.runtime.resource.ResourceCacheImpl)
2013-10-25 12:43:05,557 - Default ResourceManager initialization complete.
2013-10-25 12:43:05,558 - Loaded System Directive: org.apache.velocity.runtime.directive.Literal
2013-10-25 12:43:05,560 - Loaded System Directive: org.apache.velocity.runtime.directive.Macro
2013-10-25 12:43:05,562 - Loaded System Directive: org.apache.velocity.runtime.directive.Parse
2013-10-25 12:43:05,564 - Loaded System Directive: org.apache.velocity.runtime.directive.Include
2013-10-25 12:43:05,565 - Loaded System Directive: org.apache.velocity.runtime.directive.Foreach
2013-10-25 12:43:05,601 - Created: 20 parsers.
2013-10-25 12:43:05,608 - Velocimacro : initialization starting.
2013-10-25 12:43:05,608 - Velocimacro : adding VMs from VM library template : VM_global_library.vm
2013-10-25 12:43:05,618 - ResourceManager : unable to find resource 'VM_global_library.vm' in any resource loader.
2013-10-25 12:43:05,618 - Velocimacro : error using  VM library template VM_global_library.vm : org.apache.velocity.exception.ResourceNotFoundException: Unable to find resource 'VM_global_library.vm'
2013-10-25 12:43:05,619 - Velocimacro :  VM library template macro registration complete.
2013-10-25 12:43:05,619 - Velocimacro : allowInline = true : VMs can be defined inline in templates
2013-10-25 12:43:05,619 - Velocimacro : allowInlineToOverride = false : VMs defined inline may NOT replace previous VM definitions
2013-10-25 12:43:05,619 - Velocimacro : allowInlineLocal = false : VMs defined inline will be  global in scope if allowed.
2013-10-25 12:43:05,619 - Velocimacro : messages on  : VM system will output logging messages
2013-10-25 12:43:05,619 - Velocimacro : autoload off  : VM system will not automatically reload global library macros
2013-10-25 12:43:05,619 - Velocimacro : initialization complete.
2013-10-25 12:43:05,619 - Velocity successfully started.
2013-10-25 21:59:49,165 - SimpleLog4JLogSystem initialized using logfile 'velocity.log'
2013-10-25 21:59:49,179 - ************************************************************** 
2013-10-25 21:59:49,179 - Starting Jakarta Velocity v1.4
2013-10-25 21:59:49,179 - RuntimeInstance initializing.
2013-10-25 21:59:49,179 - Default Properties File: org/apache/velocity/runtime/defaults/velocity.properties
2013-10-25 21:59:49,179 - Trying to use logger class org.apache.velocity.runtime.log.SimpleLog4JLogSystem
2013-10-25 21:59:49,179 - Using logger class org.apache.velocity.runtime.log.SimpleLog4JLogSystem
2013-10-25 21:59:49,182 - Default ResourceManager initializing. (class org.apache.velocity.runtime.resource.ResourceManagerImpl)
2013-10-25 21:59:49,185 - Resource Loader Instantiated: org.apache.velocity.runtime.resource.loader.ClasspathResourceLoader
2013-10-25 21:59:49,185 - ClasspathResourceLoader : initialization starting.
2013-10-25 21:59:49,186 - ClasspathResourceLoader : initialization complete.
2013-10-25 21:59:49,187 - ResourceCache : initialized. (class org.apache.velocity.runtime.resource.ResourceCacheImpl)
2013-10-25 21:59:49,188 - Default ResourceManager initialization complete.
2013-10-25 21:59:49,189 - Loaded System Directive: org.apache.velocity.runtime.directive.Literal
2013-10-25 21:59:49,191 - Loaded System Directive: org.apache.velocity.runtime.directive.Macro
2013-10-25 21:59:49,194 - Loaded System Directive: org.apache.velocity.runtime.directive.Parse
2013-10-25 21:59:49,196 - Loaded System Directive: org.apache.velocity.runtime.directive.Include
2013-10-25 21:59:49,198 - Loaded System Directive: org.apache.velocity.runtime.directive.Foreach
2013-10-25 21:59:49,234 - Created: 20 parsers.
2013-10-25 21:59:49,246 - Velocimacro : initialization starting.
2013-10-25 21:59:49,246 - Velocimacro : adding VMs from VM library template : VM_global_library.vm
2013-10-25 21:59:49,269 - ResourceManager : unable to find resource 'VM_global_library.vm' in any resource loader.
2013-10-25 21:59:49,269 - Velocimacro : error using  VM library template VM_global_library.vm : org.apache.velocity.exception.ResourceNotFoundException: Unable to find resource 'VM_global_library.vm'
2013-10-25 21:59:49,269 - Velocimacro :  VM library template macro registration complete.
2013-10-25 21:59:49,269 - Velocimacro : allowInline = true : VMs can be defined inline in templates
2013-10-25 21:59:49,269 - Velocimacro : allowInlineToOverride = false : VMs defined inline may NOT replace previous VM definitions
2013-10-25 21:59:49,269 - Velocimacro : allowInlineLocal = false : VMs defined inline will be  global in scope if allowed.
2013-10-25 21:59:49,269 - Velocimacro : messages on  : VM system will output logging messages
2013-10-25 21:59:49,269 - Velocimacro : autoload off  : VM system will not automatically reload global library macros
2013-10-25 21:59:49,269 - Velocimacro : initialization complete.
2013-10-25 21:59:49,269 - Velocity successfully started.
2013-10-25 22:02:45,058 - SimpleLog4JLogSystem initialized using logfile 'velocity.log'
2013-10-25 22:02:45,059 - ************************************************************** 
2013-10-25 22:02:45,059 - Starting Jakarta Velocity v1.4
2013-10-25 22:02:45,059 - RuntimeInstance initializing.
2013-10-25 22:02:45,059 - Default Properties File: org/apache/velocity/runtime/defaults/velocity.properties
2013-10-25 22:02:45,059 - Trying to use logger class org.apache.velocity.runtime.log.SimpleLog4JLogSystem
2013-10-25 22:02:45,059 - Using logger class org.apache.velocity.runtime.log.SimpleLog4JLogSystem
2013-10-25 22:02:45,062 - Default ResourceManager initializing. (class org.apache.velocity.runtime.resource.ResourceManagerImpl)
2013-10-25 22:02:45,064 - Resource Loader Instantiated: org.apache.velocity.runtime.resource.loader.ClasspathResourceLoader
2013-10-25 22:02:45,064 - ClasspathResourceLoader : initialization starting.
2013-10-25 22:02:45,064 - ClasspathResourceLoader : initialization complete.
2013-10-25 22:02:45,066 - ResourceCache : initialized. (class org.apache.velocity.runtime.resource.ResourceCacheImpl)
2013-10-25 22:02:45,066 - Default ResourceManager initialization complete.
2013-10-25 22:02:45,067 - Loaded System Directive: org.apache.velocity.runtime.directive.Literal
2013-10-25 22:02:45,069 - Loaded System Directive: org.apache.velocity.runtime.directive.Macro
2013-10-25 22:02:45,072 - Loaded System Directive: org.apache.velocity.runtime.directive.Parse
2013-10-25 22:02:45,073 - Loaded System Directive: org.apache.velocity.runtime.directive.Include
2013-10-25 22:02:45,074 - Loaded System Directive: org.apache.velocity.runtime.directive.Foreach
2013-10-25 22:02:45,108 - Created: 20 parsers.
2013-10-25 22:02:45,114 - Velocimacro : initialization starting.
2013-10-25 22:02:45,114 - Velocimacro : adding VMs from VM library template : VM_global_library.vm
2013-10-25 22:02:45,124 - ResourceManager : unable to find resource 'VM_global_library.vm' in any resource loader.
2013-10-25 22:02:45,124 - Velocimacro : error using  VM library template VM_global_library.vm : org.apache.velocity.exception.ResourceNotFoundException: Unable to find resource 'VM_global_library.vm'
2013-10-25 22:02:45,124 - Velocimacro :  VM library template macro registration complete.
2013-10-25 22:02:45,124 - Velocimacro : allowInline = true : VMs can be defined inline in templates
2013-10-25 22:02:45,124 - Velocimacro : allowInlineToOverride = false : VMs defined inline may NOT replace previous VM definitions
2013-10-25 22:02:45,125 - Velocimacro : allowInlineLocal = false : VMs defined inline will be  global in scope if allowed.
2013-10-25 22:02:45,125 - Velocimacro : messages on  : VM system will output logging messages
2013-10-25 22:02:45,125 - Velocimacro : autoload off  : VM system will not automatically reload global library macros
2013-10-25 22:02:45,125 - Velocimacro : initialization complete.
2013-10-25 22:02:45,125 - Velocity successfully started.
2013-10-25 22:04:40,584 - SimpleLog4JLogSystem initialized using logfile 'velocity.log'
2013-10-25 22:04:40,616 - ************************************************************** 
2013-10-25 22:04:40,617 - Starting Jakarta Velocity v1.4
2013-10-25 22:04:40,617 - RuntimeInstance initializing.
2013-10-25 22:04:40,617 - Default Properties File: org/apache/velocity/runtime/defaults/velocity.properties
2013-10-25 22:04:40,617 - Trying to use logger class org.apache.velocity.runtime.log.SimpleLog4JLogSystem
2013-10-25 22:04:40,617 - Using logger class org.apache.velocity.runtime.log.SimpleLog4JLogSystem
2013-10-25 22:04:40,621 - Default ResourceManager initializing. (class org.apache.velocity.runtime.resource.ResourceManagerImpl)
2013-10-25 22:04:40,624 - Resource Loader Instantiated: org.apache.velocity.runtime.resource.loader.ClasspathResourceLoader
2013-10-25 22:04:40,625 - ClasspathResourceLoader : initialization starting.
2013-10-25 22:04:40,625 - ClasspathResourceLoader : initialization complete.
2013-10-25 22:04:40,626 - ResourceCache : initialized. (class org.apache.velocity.runtime.resource.ResourceCacheImpl)
2013-10-25 22:04:40,660 - Default ResourceManager initialization complete.
2013-10-25 22:04:40,663 - Loaded System Directive: org.apache.velocity.runtime.directive.Literal
2013-10-25 22:04:40,665 - Loaded System Directive: org.apache.velocity.runtime.directive.Macro
2013-10-25 22:04:40,668 - Loaded System Directive: org.apache.velocity.runtime.directive.Parse
2013-10-25 22:04:40,670 - Loaded System Directive: org.apache.velocity.runtime.directive.Include
2013-10-25 22:04:40,671 - Loaded System Directive: org.apache.velocity.runtime.directive.Foreach
2013-10-25 22:04:40,761 - Created: 20 parsers.
2013-10-25 22:04:40,769 - Velocimacro : initialization starting.
2013-10-25 22:04:40,769 - Velocimacro : adding VMs from VM library template : VM_global_library.vm
2013-10-25 22:04:40,774 - ResourceManager : unable to find resource 'VM_global_library.vm' in any resource loader.
2013-10-25 22:04:40,774 - Velocimacro : error using  VM library template VM_global_library.vm : org.apache.velocity.exception.ResourceNotFoundException: Unable to find resource 'VM_global_library.vm'
2013-10-25 22:04:40,774 - Velocimacro :  VM library template macro registration complete.
2013-10-25 22:04:40,774 - Velocimacro : allowInline = true : VMs can be defined inline in templates
2013-10-25 22:04:40,774 - Velocimacro : allowInlineToOverride = false : VMs defined inline may NOT replace previous VM definitions
2013-10-25 22:04:40,774 - Velocimacro : allowInlineLocal = false : VMs defined inline will be  global in scope if allowed.
2013-10-25 22:04:40,775 - Velocimacro : messages on  : VM system will output logging messages
2013-10-25 22:04:40,775 - Velocimacro : autoload off  : VM system will not automatically reload global library macros
2013-10-25 22:04:40,775 - Velocimacro : initialization complete.
2013-10-25 22:04:40,775 - Velocity successfully started.
2013-10-25 22:09:07,721 - SimpleLog4JLogSystem initialized using logfile 'velocity.log'
2013-10-25 22:09:07,738 - ************************************************************** 
2013-10-25 22:09:07,739 - Starting Jakarta Velocity v1.4
2013-10-25 22:09:07,739 - RuntimeInstance initializing.
2013-10-25 22:09:07,739 - Default Properties File: org/apache/velocity/runtime/defaults/velocity.properties
2013-10-25 22:09:07,739 - Trying to use logger class org.apache.velocity.runtime.log.SimpleLog4JLogSystem
2013-10-25 22:09:07,739 - Using logger class org.apache.velocity.runtime.log.SimpleLog4JLogSystem
2013-10-25 22:09:07,743 - Default ResourceManager initializing. (class org.apache.velocity.runtime.resource.ResourceManagerImpl)
2013-10-25 22:09:07,746 - Resource Loader Instantiated: org.apache.velocity.runtime.resource.loader.ClasspathResourceLoader
2013-10-25 22:09:07,746 - ClasspathResourceLoader : initialization starting.
2013-10-25 22:09:07,746 - ClasspathResourceLoader : initialization complete.
2013-10-25 22:09:07,748 - ResourceCache : initialized. (class org.apache.velocity.runtime.resource.ResourceCacheImpl)
2013-10-25 22:09:07,748 - Default ResourceManager initialization complete.
2013-10-25 22:09:07,750 - Loaded System Directive: org.apache.velocity.runtime.directive.Literal
2013-10-25 22:09:07,752 - Loaded System Directive: org.apache.velocity.runtime.directive.Macro
2013-10-25 22:09:07,754 - Loaded System Directive: org.apache.velocity.runtime.directive.Parse
2013-10-25 22:09:07,756 - Loaded System Directive: org.apache.velocity.runtime.directive.Include
2013-10-25 22:09:07,757 - Loaded System Directive: org.apache.velocity.runtime.directive.Foreach
2013-10-25 22:09:07,793 - Created: 20 parsers.
2013-10-25 22:09:07,800 - Velocimacro : initialization starting.
2013-10-25 22:09:07,800 - Velocimacro : adding VMs from VM library template : VM_global_library.vm
2013-10-25 22:09:07,812 - ResourceManager : unable to find resource 'VM_global_library.vm' in any resource loader.
2013-10-25 22:09:07,812 - Velocimacro : error using  VM library template VM_global_library.vm : org.apache.velocity.exception.ResourceNotFoundException: Unable to find resource 'VM_global_library.vm'
2013-10-25 22:09:07,812 - Velocimacro :  VM library template macro registration complete.
2013-10-25 22:09:07,812 - Velocimacro : allowInline = true : VMs can be defined inline in templates
2013-10-25 22:09:07,812 - Velocimacro : allowInlineToOverride = false : VMs defined inline may NOT replace previous VM definitions
2013-10-25 22:09:07,812 - Velocimacro : allowInlineLocal = false : VMs defined inline will be  global in scope if allowed.
2013-10-25 22:09:07,812 - Velocimacro : messages on  : VM system will output logging messages
2013-10-25 22:09:07,812 - Velocimacro : autoload off  : VM system will not automatically reload global library macros
2013-10-25 22:09:07,813 - Velocimacro : initialization complete.
2013-10-25 22:09:07,813 - Velocity successfully started.
2013-10-25 22:10:55,251 - SimpleLog4JLogSystem initialized using logfile 'velocity.log'
2013-10-25 22:10:55,268 - ************************************************************** 
2013-10-25 22:10:55,268 - Starting Jakarta Velocity v1.4
2013-10-25 22:10:55,268 - RuntimeInstance initializing.
2013-10-25 22:10:55,268 - Default Properties File: org/apache/velocity/runtime/defaults/velocity.properties
2013-10-25 22:10:55,268 - Trying to use logger class org.apache.velocity.runtime.log.SimpleLog4JLogSystem
2013-10-25 22:10:55,268 - Using logger class org.apache.velocity.runtime.log.SimpleLog4JLogSystem
2013-10-25 22:10:55,271 - Default ResourceManager initializing. (class org.apache.velocity.runtime.resource.ResourceManagerImpl)
2013-10-25 22:10:55,274 - Resource Loader Instantiated: org.apache.velocity.runtime.resource.loader.ClasspathResourceLoader
2013-10-25 22:10:55,275 - ClasspathResourceLoader : initialization starting.
2013-10-25 22:10:55,275 - ClasspathResourceLoader : initialization complete.
2013-10-25 22:10:55,276 - ResourceCache : initialized. (class org.apache.velocity.runtime.resource.ResourceCacheImpl)
2013-10-25 22:10:55,276 - Default ResourceManager initialization complete.
2013-10-25 22:10:55,278 - Loaded System Directive: org.apache.velocity.runtime.directive.Literal
2013-10-25 22:10:55,280 - Loaded System Directive: org.apache.velocity.runtime.directive.Macro
2013-10-25 22:10:55,283 - Loaded System Directive: org.apache.velocity.runtime.directive.Parse
2013-10-25 22:10:55,285 - Loaded System Directive: org.apache.velocity.runtime.directive.Include
2013-10-25 22:10:55,286 - Loaded System Directive: org.apache.velocity.runtime.directive.Foreach
2013-10-25 22:10:55,320 - Created: 20 parsers.
2013-10-25 22:10:55,327 - Velocimacro : initialization starting.
2013-10-25 22:10:55,327 - Velocimacro : adding VMs from VM library template : VM_global_library.vm
2013-10-25 22:10:55,338 - ResourceManager : unable to find resource 'VM_global_library.vm' in any resource loader.
2013-10-25 22:10:55,338 - Velocimacro : error using  VM library template VM_global_library.vm : org.apache.velocity.exception.ResourceNotFoundException: Unable to find resource 'VM_global_library.vm'
2013-10-25 22:10:55,338 - Velocimacro :  VM library template macro registration complete.
2013-10-25 22:10:55,338 - Velocimacro : allowInline = true : VMs can be defined inline in templates
2013-10-25 22:10:55,338 - Velocimacro : allowInlineToOverride = false : VMs defined inline may NOT replace previous VM definitions
2013-10-25 22:10:55,338 - Velocimacro : allowInlineLocal = false : VMs defined inline will be  global in scope if allowed.
2013-10-25 22:10:55,338 - Velocimacro : messages on  : VM system will output logging messages
2013-10-25 22:10:55,338 - Velocimacro : autoload off  : VM system will not automatically reload global library macros
2013-10-25 22:10:55,339 - Velocimacro : initialization complete.
2013-10-25 22:10:55,339 - Velocity successfully started.
2013-10-25 22:12:32,811 - SimpleLog4JLogSystem initialized using logfile 'velocity.log'
2013-10-25 22:12:32,828 - ************************************************************** 
2013-10-25 22:12:32,828 - Starting Jakarta Velocity v1.4
2013-10-25 22:12:32,829 - RuntimeInstance initializing.
2013-10-25 22:12:32,829 - Default Properties File: org/apache/velocity/runtime/defaults/velocity.properties
2013-10-25 22:12:32,829 - Trying to use logger class org.apache.velocity.runtime.log.SimpleLog4JLogSystem
2013-10-25 22:12:32,829 - Using logger class org.apache.velocity.runtime.log.SimpleLog4JLogSystem
2013-10-25 22:12:32,832 - Default ResourceManager initializing. (class org.apache.velocity.runtime.resource.ResourceManagerImpl)
2013-10-25 22:12:32,835 - Resource Loader Instantiated: org.apache.velocity.runtime.resource.loader.ClasspathResourceLoader
2013-10-25 22:12:32,835 - ClasspathResourceLoader : initialization starting.
2013-10-25 22:12:32,835 - ClasspathResourceLoader : initialization complete.
2013-10-25 22:12:32,837 - ResourceCache : initialized. (class org.apache.velocity.runtime.resource.ResourceCacheImpl)
2013-10-25 22:12:32,837 - Default ResourceManager initialization complete.
2013-10-25 22:12:32,850 - Loaded System Directive: org.apache.velocity.runtime.directive.Literal
2013-10-25 22:12:32,860 - Loaded System Directive: org.apache.velocity.runtime.directive.Macro
2013-10-25 22:12:32,863 - Loaded System Directive: org.apache.velocity.runtime.directive.Parse
2013-10-25 22:12:32,865 - Loaded System Directive: org.apache.velocity.runtime.directive.Include
2013-10-25 22:12:32,867 - Loaded System Directive: org.apache.velocity.runtime.directive.Foreach
2013-10-25 22:12:32,905 - Created: 20 parsers.
2013-10-25 22:12:32,918 - Velocimacro : initialization starting.
2013-10-25 22:12:32,919 - Velocimacro : adding VMs from VM library template : VM_global_library.vm
2013-10-25 22:12:32,924 - ResourceManager : unable to find resource 'VM_global_library.vm' in any resource loader.
2013-10-25 22:12:32,924 - Velocimacro : error using  VM library template VM_global_library.vm : org.apache.velocity.exception.ResourceNotFoundException: Unable to find resource 'VM_global_library.vm'
2013-10-25 22:12:32,924 - Velocimacro :  VM library template macro registration complete.
2013-10-25 22:12:32,924 - Velocimacro : allowInline = true : VMs can be defined inline in templates
2013-10-25 22:12:32,925 - Velocimacro : allowInlineToOverride = false : VMs defined inline may NOT replace previous VM definitions
2013-10-25 22:12:32,925 - Velocimacro : allowInlineLocal = false : VMs defined inline will be  global in scope if allowed.
2013-10-25 22:12:32,925 - Velocimacro : messages on  : VM system will output logging messages
2013-10-25 22:12:32,925 - Velocimacro : autoload off  : VM system will not automatically reload global library macros
2013-10-25 22:12:32,925 - Velocimacro : initialization complete.
2013-10-25 22:12:32,925 - Velocity successfully started.
2013-10-25 22:12:34,889 - SimpleLog4JLogSystem initialized using logfile 'velocity.log'
2013-10-25 22:12:34,889 - ************************************************************** 
2013-10-25 22:12:34,890 - Starting Jakarta Velocity v1.4
2013-10-25 22:12:34,890 - RuntimeInstance initializing.
2013-10-25 22:12:34,890 - Default Properties File: org/apache/velocity/runtime/defaults/velocity.properties
2013-10-25 22:12:34,890 - Trying to use logger class org.apache.velocity.runtime.log.SimpleLog4JLogSystem
2013-10-25 22:12:34,890 - Using logger class org.apache.velocity.runtime.log.SimpleLog4JLogSystem
2013-10-25 22:12:34,893 - Default ResourceManager initializing. (class org.apache.velocity.runtime.resource.ResourceManagerImpl)
2013-10-25 22:12:34,896 - Resource Loader Instantiated: org.apache.velocity.runtime.resource.loader.ClasspathResourceLoader
2013-10-25 22:12:34,896 - ClasspathResourceLoader : initialization starting.
2013-10-25 22:12:34,896 - ClasspathResourceLoader : initialization complete.
2013-10-25 22:12:34,898 - ResourceCache : initialized. (class org.apache.velocity.runtime.resource.ResourceCacheImpl)
2013-10-25 22:12:34,898 - Default ResourceManager initialization complete.
2013-10-25 22:12:34,900 - Loaded System Directive: org.apache.velocity.runtime.directive.Literal
2013-10-25 22:12:34,902 - Loaded System Directive: org.apache.velocity.runtime.directive.Macro
2013-10-25 22:12:34,905 - Loaded System Directive: org.apache.velocity.runtime.directive.Parse
2013-10-25 22:12:34,907 - Loaded System Directive: org.apache.velocity.runtime.directive.Include
2013-10-25 22:12:34,908 - Loaded System Directive: org.apache.velocity.runtime.directive.Foreach
2013-10-25 22:12:34,945 - Created: 20 parsers.
2013-10-25 22:12:34,953 - Velocimacro : initialization starting.
2013-10-25 22:12:34,953 - Velocimacro : adding VMs from VM library template : VM_global_library.vm
2013-10-25 22:12:34,965 - ResourceManager : unable to find resource 'VM_global_library.vm' in any resource loader.
2013-10-25 22:12:34,965 - Velocimacro : error using  VM library template VM_global_library.vm : org.apache.velocity.exception.ResourceNotFoundException: Unable to find resource 'VM_global_library.vm'
2013-10-25 22:12:34,965 - Velocimacro :  VM library template macro registration complete.
2013-10-25 22:12:34,965 - Velocimacro : allowInline = true : VMs can be defined inline in templates
2013-10-25 22:12:34,965 - Velocimacro : allowInlineToOverride = false : VMs defined inline may NOT replace previous VM definitions
2013-10-25 22:12:34,965 - Velocimacro : allowInlineLocal = false : VMs defined inline will be  global in scope if allowed.
2013-10-25 22:12:34,965 - Velocimacro : messages on  : VM system will output logging messages
2013-10-25 22:12:34,965 - Velocimacro : autoload off  : VM system will not automatically reload global library macros
2013-10-25 22:12:34,965 - Velocimacro : initialization complete.
2013-10-25 22:12:34,966 - Velocity successfully started.
2013-10-25 22:21:57,108 - SimpleLog4JLogSystem initialized using logfile 'velocity.log'
2013-10-25 22:21:57,132 - ************************************************************** 
2013-10-25 22:21:57,133 - Starting Jakarta Velocity v1.4
2013-10-25 22:21:57,133 - RuntimeInstance initializing.
2013-10-25 22:21:57,133 - Default Properties File: org/apache/velocity/runtime/defaults/velocity.properties
2013-10-25 22:21:57,133 - Trying to use logger class org.apache.velocity.runtime.log.SimpleLog4JLogSystem
2013-10-25 22:21:57,133 - Using logger class org.apache.velocity.runtime.log.SimpleLog4JLogSystem
2013-10-25 22:21:57,138 - Default ResourceManager initializing. (class org.apache.velocity.runtime.resource.ResourceManagerImpl)
2013-10-25 22:21:57,141 - Resource Loader Instantiated: org.apache.velocity.runtime.resource.loader.ClasspathResourceLoader
2013-10-25 22:21:57,141 - ClasspathResourceLoader : initialization starting.
2013-10-25 22:21:57,142 - ClasspathResourceLoader : initialization complete.
2013-10-25 22:21:57,143 - ResourceCache : initialized. (class org.apache.velocity.runtime.resource.ResourceCacheImpl)
2013-10-25 22:21:57,143 - Default ResourceManager initialization complete.
2013-10-25 22:21:57,145 - Loaded System Directive: org.apache.velocity.runtime.directive.Literal
2013-10-25 22:21:57,148 - Loaded System Directive: org.apache.velocity.runtime.directive.Macro
2013-10-25 22:21:57,150 - Loaded System Directive: org.apache.velocity.runtime.directive.Parse
2013-10-25 22:21:57,153 - Loaded System Directive: org.apache.velocity.runtime.directive.Include
2013-10-25 22:21:57,154 - Loaded System Directive: org.apache.velocity.runtime.directive.Foreach
2013-10-25 22:21:57,190 - Created: 20 parsers.
2013-10-25 22:21:57,201 - Velocimacro : initialization starting.
2013-10-25 22:21:57,202 - Velocimacro : adding VMs from VM library template : VM_global_library.vm
2013-10-25 22:21:57,207 - ResourceManager : unable to find resource 'VM_global_library.vm' in any resource loader.
2013-10-25 22:21:57,207 - Velocimacro : error using  VM library template VM_global_library.vm : org.apache.velocity.exception.ResourceNotFoundException: Unable to find resource 'VM_global_library.vm'
2013-10-25 22:21:57,207 - Velocimacro :  VM library template macro registration complete.
2013-10-25 22:21:57,207 - Velocimacro : allowInline = true : VMs can be defined inline in templates
2013-10-25 22:21:57,207 - Velocimacro : allowInlineToOverride = false : VMs defined inline may NOT replace previous VM definitions
2013-10-25 22:21:57,207 - Velocimacro : allowInlineLocal = false : VMs defined inline will be  global in scope if allowed.
2013-10-25 22:21:57,207 - Velocimacro : messages on  : VM system will output logging messages
2013-10-25 22:21:57,207 - Velocimacro : autoload off  : VM system will not automatically reload global library macros
2013-10-25 22:21:57,207 - Velocimacro : initialization complete.
2013-10-25 22:21:57,208 - Velocity successfully started.
2013-10-25 22:30:52,219 - SimpleLog4JLogSystem initialized using logfile 'velocity.log'
2013-10-25 22:30:52,220 - ************************************************************** 
2013-10-25 22:30:52,220 - Starting Jakarta Velocity v1.4
2013-10-25 22:30:52,220 - RuntimeInstance initializing.
2013-10-25 22:30:52,220 - Default Properties File: org/apache/velocity/runtime/defaults/velocity.properties
2013-10-25 22:30:52,220 - Trying to use logger class org.apache.velocity.runtime.log.SimpleLog4JLogSystem
2013-10-25 22:30:52,220 - Using logger class org.apache.velocity.runtime.log.SimpleLog4JLogSystem
2013-10-25 22:30:52,223 - Default ResourceManager initializing. (class org.apache.velocity.runtime.resource.ResourceManagerImpl)
2013-10-25 22:30:52,226 - Resource Loader Instantiated: org.apache.velocity.runtime.resource.loader.ClasspathResourceLoader
2013-10-25 22:30:52,226 - ClasspathResourceLoader : initialization starting.
2013-10-25 22:30:52,226 - ClasspathResourceLoader : initialization complete.
2013-10-25 22:30:52,228 - ResourceCache : initialized. (class org.apache.velocity.runtime.resource.ResourceCacheImpl)
2013-10-25 22:30:52,228 - Default ResourceManager initialization complete.
2013-10-25 22:30:52,230 - Loaded System Directive: org.apache.velocity.runtime.directive.Literal
2013-10-25 22:30:52,232 - Loaded System Directive: org.apache.velocity.runtime.directive.Macro
2013-10-25 22:30:52,235 - Loaded System Directive: org.apache.velocity.runtime.directive.Parse
2013-10-25 22:30:52,237 - Loaded System Directive: org.apache.velocity.runtime.directive.Include
2013-10-25 22:30:52,238 - Loaded System Directive: org.apache.velocity.runtime.directive.Foreach
2013-10-25 22:30:52,271 - Created: 20 parsers.
2013-10-25 22:30:52,278 - Velocimacro : initialization starting.
2013-10-25 22:30:52,278 - Velocimacro : adding VMs from VM library template : VM_global_library.vm
2013-10-25 22:30:52,288 - ResourceManager : unable to find resource 'VM_global_library.vm' in any resource loader.
2013-10-25 22:30:52,288 - Velocimacro : error using  VM library template VM_global_library.vm : org.apache.velocity.exception.ResourceNotFoundException: Unable to find resource 'VM_global_library.vm'
2013-10-25 22:30:52,288 - Velocimacro :  VM library template macro registration complete.
2013-10-25 22:30:52,288 - Velocimacro : allowInline = true : VMs can be defined inline in templates
2013-10-25 22:30:52,288 - Velocimacro : allowInlineToOverride = false : VMs defined inline may NOT replace previous VM definitions
2013-10-25 22:30:52,288 - Velocimacro : allowInlineLocal = false : VMs defined inline will be  global in scope if allowed.
2013-10-25 22:30:52,288 - Velocimacro : messages on  : VM system will output logging messages
2013-10-25 22:30:52,288 - Velocimacro : autoload off  : VM system will not automatically reload global library macros
2013-10-25 22:30:52,288 - Velocimacro : initialization complete.
2013-10-25 22:30:52,289 - Velocity successfully started.
2013-10-25 22:33:34,142 - SimpleLog4JLogSystem initialized using logfile 'velocity.log'
2013-10-25 22:33:34,142 - ************************************************************** 
2013-10-25 22:33:34,142 - Starting Jakarta Velocity v1.4
2013-10-25 22:33:34,142 - RuntimeInstance initializing.
2013-10-25 22:33:34,143 - Default Properties File: org/apache/velocity/runtime/defaults/velocity.properties
2013-10-25 22:33:34,143 - Trying to use logger class org.apache.velocity.runtime.log.SimpleLog4JLogSystem
2013-10-25 22:33:34,143 - Using logger class org.apache.velocity.runtime.log.SimpleLog4JLogSystem
2013-10-25 22:33:34,146 - Default ResourceManager initializing. (class org.apache.velocity.runtime.resource.ResourceManagerImpl)
2013-10-25 22:33:34,149 - Resource Loader Instantiated: org.apache.velocity.runtime.resource.loader.ClasspathResourceLoader
2013-10-25 22:33:34,149 - ClasspathResourceLoader : initialization starting.
2013-10-25 22:33:34,149 - ClasspathResourceLoader : initialization complete.
2013-10-25 22:33:34,151 - ResourceCache : initialized. (class org.apache.velocity.runtime.resource.ResourceCacheImpl)
2013-10-25 22:33:34,151 - Default ResourceManager initialization complete.
2013-10-25 22:33:34,152 - Loaded System Directive: org.apache.velocity.runtime.directive.Literal
2013-10-25 22:33:34,154 - Loaded System Directive: org.apache.velocity.runtime.directive.Macro
2013-10-25 22:33:34,156 - Loaded System Directive: org.apache.velocity.runtime.directive.Parse
2013-10-25 22:33:34,158 - Loaded System Directive: org.apache.velocity.runtime.directive.Include
2013-10-25 22:33:34,159 - Loaded System Directive: org.apache.velocity.runtime.directive.Foreach
2013-10-25 22:33:34,195 - Created: 20 parsers.
2013-10-25 22:33:34,202 - Velocimacro : initialization starting.
2013-10-25 22:33:34,202 - Velocimacro : adding VMs from VM library template : VM_global_library.vm
2013-10-25 22:33:34,214 - ResourceManager : unable to find resource 'VM_global_library.vm' in any resource loader.
2013-10-25 22:33:34,214 - Velocimacro : error using  VM library template VM_global_library.vm : org.apache.velocity.exception.ResourceNotFoundException: Unable to find resource 'VM_global_library.vm'
2013-10-25 22:33:34,214 - Velocimacro :  VM library template macro registration complete.
2013-10-25 22:33:34,214 - Velocimacro : allowInline = true : VMs can be defined inline in templates
2013-10-25 22:33:34,214 - Velocimacro : allowInlineToOverride = false : VMs defined inline may NOT replace previous VM definitions
2013-10-25 22:33:34,214 - Velocimacro : allowInlineLocal = false : VMs defined inline will be  global in scope if allowed.
2013-10-25 22:33:34,214 - Velocimacro : messages on  : VM system will output logging messages
2013-10-25 22:33:34,215 - Velocimacro : autoload off  : VM system will not automatically reload global library macros
2013-10-25 22:33:34,215 - Velocimacro : initialization complete.
2013-10-25 22:33:34,215 - Velocity successfully started.
2013-10-25 22:37:46,636 - SimpleLog4JLogSystem initialized using logfile 'velocity.log'
2013-10-25 22:37:46,636 - ************************************************************** 
2013-10-25 22:37:46,636 - Starting Jakarta Velocity v1.4
2013-10-25 22:37:46,636 - RuntimeInstance initializing.
2013-10-25 22:37:46,636 - Default Properties File: org/apache/velocity/runtime/defaults/velocity.properties
2013-10-25 22:37:46,636 - Trying to use logger class org.apache.velocity.runtime.log.SimpleLog4JLogSystem
2013-10-25 22:37:46,636 - Using logger class org.apache.velocity.runtime.log.SimpleLog4JLogSystem
2013-10-25 22:37:46,640 - Default ResourceManager initializing. (class org.apache.velocity.runtime.resource.ResourceManagerImpl)
2013-10-25 22:37:46,643 - Resource Loader Instantiated: org.apache.velocity.runtime.resource.loader.ClasspathResourceLoader
2013-10-25 22:37:46,643 - ClasspathResourceLoader : initialization starting.
2013-10-25 22:37:46,643 - ClasspathResourceLoader : initialization complete.
2013-10-25 22:37:46,645 - ResourceCache : initialized. (class org.apache.velocity.runtime.resource.ResourceCacheImpl)
2013-10-25 22:37:46,645 - Default ResourceManager initialization complete.
2013-10-25 22:37:46,647 - Loaded System Directive: org.apache.velocity.runtime.directive.Literal
2013-10-25 22:37:46,649 - Loaded System Directive: org.apache.velocity.runtime.directive.Macro
2013-10-25 22:37:46,652 - Loaded System Directive: org.apache.velocity.runtime.directive.Parse
2013-10-25 22:37:46,654 - Loaded System Directive: org.apache.velocity.runtime.directive.Include
2013-10-25 22:37:46,655 - Loaded System Directive: org.apache.velocity.runtime.directive.Foreach
2013-10-25 22:37:46,691 - Created: 20 parsers.
2013-10-25 22:37:46,699 - Velocimacro : initialization starting.
2013-10-25 22:37:46,699 - Velocimacro : adding VMs from VM library template : VM_global_library.vm
2013-10-25 22:37:46,710 - ResourceManager : unable to find resource 'VM_global_library.vm' in any resource loader.
2013-10-25 22:37:46,711 - Velocimacro : error using  VM library template VM_global_library.vm : org.apache.velocity.exception.ResourceNotFoundException: Unable to find resource 'VM_global_library.vm'
2013-10-25 22:37:46,711 - Velocimacro :  VM library template macro registration complete.
2013-10-25 22:37:46,711 - Velocimacro : allowInline = true : VMs can be defined inline in templates
2013-10-25 22:37:46,711 - Velocimacro : allowInlineToOverride = false : VMs defined inline may NOT replace previous VM definitions
2013-10-25 22:37:46,711 - Velocimacro : allowInlineLocal = false : VMs defined inline will be  global in scope if allowed.
2013-10-25 22:37:46,711 - Velocimacro : messages on  : VM system will output logging messages
2013-10-25 22:37:46,711 - Velocimacro : autoload off  : VM system will not automatically reload global library macros
2013-10-25 22:37:46,711 - Velocimacro : initialization complete.
2013-10-25 22:37:46,711 - Velocity successfully started.
2013-10-25 22:45:57,271 - SimpleLog4JLogSystem initialized using logfile 'velocity.log'
2013-10-25 22:45:57,271 - ************************************************************** 
2013-10-25 22:45:57,271 - Starting Jakarta Velocity v1.4
2013-10-25 22:45:57,271 - RuntimeInstance initializing.
2013-10-25 22:45:57,271 - Default Properties File: org/apache/velocity/runtime/defaults/velocity.properties
2013-10-25 22:45:57,271 - Trying to use logger class org.apache.velocity.runtime.log.SimpleLog4JLogSystem
2013-10-25 22:45:57,271 - Using logger class org.apache.velocity.runtime.log.SimpleLog4JLogSystem
2013-10-25 22:45:57,275 - Default ResourceManager initializing. (class org.apache.velocity.runtime.resource.ResourceManagerImpl)
2013-10-25 22:45:57,279 - Resource Loader Instantiated: org.apache.velocity.runtime.resource.loader.ClasspathResourceLoader
2013-10-25 22:45:57,279 - ClasspathResourceLoader : initialization starting.
2013-10-25 22:45:57,279 - ClasspathResourceLoader : initialization complete.
2013-10-25 22:45:57,281 - ResourceCache : initialized. (class org.apache.velocity.runtime.resource.ResourceCacheImpl)
2013-10-25 22:45:57,281 - Default ResourceManager initialization complete.
2013-10-25 22:45:57,283 - Loaded System Directive: org.apache.velocity.runtime.directive.Literal
2013-10-25 22:45:57,284 - Loaded System Directive: org.apache.velocity.runtime.directive.Macro
2013-10-25 22:45:57,287 - Loaded System Directive: org.apache.velocity.runtime.directive.Parse
2013-10-25 22:45:57,289 - Loaded System Directive: org.apache.velocity.runtime.directive.Include
2013-10-25 22:45:57,290 - Loaded System Directive: org.apache.velocity.runtime.directive.Foreach
2013-10-25 22:45:57,326 - Created: 20 parsers.
2013-10-25 22:45:57,337 - Velocimacro : initialization starting.
2013-10-25 22:45:57,337 - Velocimacro : adding VMs from VM library template : VM_global_library.vm
2013-10-25 22:45:57,343 - ResourceManager : unable to find resource 'VM_global_library.vm' in any resource loader.
2013-10-25 22:45:57,343 - Velocimacro : error using  VM library template VM_global_library.vm : org.apache.velocity.exception.ResourceNotFoundException: Unable to find resource 'VM_global_library.vm'
2013-10-25 22:45:57,343 - Velocimacro :  VM library template macro registration complete.
2013-10-25 22:45:57,343 - Velocimacro : allowInline = true : VMs can be defined inline in templates
2013-10-25 22:45:57,343 - Velocimacro : allowInlineToOverride = false : VMs defined inline may NOT replace previous VM definitions
2013-10-25 22:45:57,343 - Velocimacro : allowInlineLocal = false : VMs defined inline will be  global in scope if allowed.
2013-10-25 22:45:57,343 - Velocimacro : messages on  : VM system will output logging messages
2013-10-25 22:45:57,344 - Velocimacro : autoload off  : VM system will not automatically reload global library macros
2013-10-25 22:45:57,344 - Velocimacro : initialization complete.
2013-10-25 22:45:57,345 - Velocity successfully started.
2013-10-26 12:19:05,965 - SimpleLog4JLogSystem initialized using logfile 'velocity.log'
2013-10-26 12:19:05,980 - ************************************************************** 
2013-10-26 12:19:05,980 - Starting Jakarta Velocity v1.4
2013-10-26 12:19:05,980 - RuntimeInstance initializing.
2013-10-26 12:19:05,980 - Default Properties File: org/apache/velocity/runtime/defaults/velocity.properties
2013-10-26 12:19:05,980 - Trying to use logger class org.apache.velocity.runtime.log.SimpleLog4JLogSystem
2013-10-26 12:19:05,980 - Using logger class org.apache.velocity.runtime.log.SimpleLog4JLogSystem
2013-10-26 12:19:05,983 - Default ResourceManager initializing. (class org.apache.velocity.runtime.resource.ResourceManagerImpl)
2013-10-26 12:19:05,986 - Resource Loader Instantiated: org.apache.velocity.runtime.resource.loader.ClasspathResourceLoader
2013-10-26 12:19:05,986 - ClasspathResourceLoader : initialization starting.
2013-10-26 12:19:05,986 - ClasspathResourceLoader : initialization complete.
2013-10-26 12:19:05,988 - ResourceCache : initialized. (class org.apache.velocity.runtime.resource.ResourceCacheImpl)
2013-10-26 12:19:05,988 - Default ResourceManager initialization complete.
2013-10-26 12:19:05,990 - Loaded System Directive: org.apache.velocity.runtime.directive.Literal
2013-10-26 12:19:05,992 - Loaded System Directive: org.apache.velocity.runtime.directive.Macro
2013-10-26 12:19:05,995 - Loaded System Directive: org.apache.velocity.runtime.directive.Parse
2013-10-26 12:19:05,997 - Loaded System Directive: org.apache.velocity.runtime.directive.Include
2013-10-26 12:19:05,998 - Loaded System Directive: org.apache.velocity.runtime.directive.Foreach
2013-10-26 12:19:06,034 - Created: 20 parsers.
2013-10-26 12:19:06,042 - Velocimacro : initialization starting.
2013-10-26 12:19:06,042 - Velocimacro : adding VMs from VM library template : VM_global_library.vm
2013-10-26 12:19:06,054 - ResourceManager : unable to find resource 'VM_global_library.vm' in any resource loader.
2013-10-26 12:19:06,054 - Velocimacro : error using  VM library template VM_global_library.vm : org.apache.velocity.exception.ResourceNotFoundException: Unable to find resource 'VM_global_library.vm'
2013-10-26 12:19:06,054 - Velocimacro :  VM library template macro registration complete.
2013-10-26 12:19:06,054 - Velocimacro : allowInline = true : VMs can be defined inline in templates
2013-10-26 12:19:06,054 - Velocimacro : allowInlineToOverride = false : VMs defined inline may NOT replace previous VM definitions
2013-10-26 12:19:06,054 - Velocimacro : allowInlineLocal = false : VMs defined inline will be  global in scope if allowed.
2013-10-26 12:19:06,054 - Velocimacro : messages on  : VM system will output logging messages
2013-10-26 12:19:06,054 - Velocimacro : autoload off  : VM system will not automatically reload global library macros
2013-10-26 12:19:06,054 - Velocimacro : initialization complete.
2013-10-26 12:19:06,054 - Velocity successfully started.
2013-10-26 12:20:28,468 - SimpleLog4JLogSystem initialized using logfile 'velocity.log'
2013-10-26 12:20:28,468 - ************************************************************** 
2013-10-26 12:20:28,469 - Starting Jakarta Velocity v1.4
2013-10-26 12:20:28,469 - RuntimeInstance initializing.
2013-10-26 12:20:28,469 - Default Properties File: org/apache/velocity/runtime/defaults/velocity.properties
2013-10-26 12:20:28,469 - Trying to use logger class org.apache.velocity.runtime.log.SimpleLog4JLogSystem
2013-10-26 12:20:28,469 - Using logger class org.apache.velocity.runtime.log.SimpleLog4JLogSystem
2013-10-26 12:20:28,480 - Default ResourceManager initializing. (class org.apache.velocity.runtime.resource.ResourceManagerImpl)
2013-10-26 12:20:28,484 - Resource Loader Instantiated: org.apache.velocity.runtime.resource.loader.ClasspathResourceLoader
2013-10-26 12:20:28,485 - ClasspathResourceLoader : initialization starting.
2013-10-26 12:20:28,485 - ClasspathResourceLoader : initialization complete.
2013-10-26 12:20:28,492 - ResourceCache : initialized. (class org.apache.velocity.runtime.resource.ResourceCacheImpl)
2013-10-26 12:20:28,492 - Default ResourceManager initialization complete.
2013-10-26 12:20:28,501 - Loaded System Directive: org.apache.velocity.runtime.directive.Literal
2013-10-26 12:20:28,504 - Loaded System Directive: org.apache.velocity.runtime.directive.Macro
2013-10-26 12:20:28,508 - Loaded System Directive: org.apache.velocity.runtime.directive.Parse
2013-10-26 12:20:28,512 - Loaded System Directive: org.apache.velocity.runtime.directive.Include
2013-10-26 12:20:28,514 - Loaded System Directive: org.apache.velocity.runtime.directive.Foreach
2013-10-26 12:20:28,709 - Created: 20 parsers.
2013-10-26 12:20:28,720 - Velocimacro : initialization starting.
2013-10-26 12:20:28,720 - Velocimacro : adding VMs from VM library template : VM_global_library.vm
2013-10-26 12:20:28,729 - ResourceManager : unable to find resource 'VM_global_library.vm' in any resource loader.
2013-10-26 12:20:28,729 - Velocimacro : error using  VM library template VM_global_library.vm : org.apache.velocity.exception.ResourceNotFoundException: Unable to find resource 'VM_global_library.vm'
2013-10-26 12:20:28,730 - Velocimacro :  VM library template macro registration complete.
2013-10-26 12:20:28,730 - Velocimacro : allowInline = true : VMs can be defined inline in templates
2013-10-26 12:20:28,730 - Velocimacro : allowInlineToOverride = false : VMs defined inline may NOT replace previous VM definitions
2013-10-26 12:20:28,730 - Velocimacro : allowInlineLocal = false : VMs defined inline will be  global in scope if allowed.
2013-10-26 12:20:28,731 - Velocimacro : messages on  : VM system will output logging messages
2013-10-26 12:20:28,731 - Velocimacro : autoload off  : VM system will not automatically reload global library macros
2013-10-26 12:20:28,731 - Velocimacro : initialization complete.
2013-10-26 12:20:28,731 - Velocity successfully started.
2013-10-26 12:20:31,441 - SimpleLog4JLogSystem initialized using logfile 'velocity.log'
2013-10-26 12:20:31,442 - ************************************************************** 
2013-10-26 12:20:31,442 - Starting Jakarta Velocity v1.4
2013-10-26 12:20:31,442 - RuntimeInstance initializing.
2013-10-26 12:20:31,442 - Default Properties File: org/apache/velocity/runtime/defaults/velocity.properties
2013-10-26 12:20:31,442 - Trying to use logger class org.apache.velocity.runtime.log.SimpleLog4JLogSystem
2013-10-26 12:20:31,442 - Using logger class org.apache.velocity.runtime.log.SimpleLog4JLogSystem
2013-10-26 12:20:31,446 - Default ResourceManager initializing. (class org.apache.velocity.runtime.resource.ResourceManagerImpl)
2013-10-26 12:20:31,451 - Resource Loader Instantiated: org.apache.velocity.runtime.resource.loader.ClasspathResourceLoader
2013-10-26 12:20:31,451 - ClasspathResourceLoader : initialization starting.
2013-10-26 12:20:31,451 - ClasspathResourceLoader : initialization complete.
2013-10-26 12:20:31,454 - ResourceCache : initialized. (class org.apache.velocity.runtime.resource.ResourceCacheImpl)
2013-10-26 12:20:31,454 - Default ResourceManager initialization complete.
2013-10-26 12:20:31,463 - Loaded System Directive: org.apache.velocity.runtime.directive.Literal
2013-10-26 12:20:31,468 - Loaded System Directive: org.apache.velocity.runtime.directive.Macro
2013-10-26 12:20:31,472 - Loaded System Directive: org.apache.velocity.runtime.directive.Parse
2013-10-26 12:20:31,475 - Loaded System Directive: org.apache.velocity.runtime.directive.Include
2013-10-26 12:20:31,476 - Loaded System Directive: org.apache.velocity.runtime.directive.Foreach
2013-10-26 12:20:31,525 - Created: 20 parsers.
2013-10-26 12:20:31,538 - Velocimacro : initialization starting.
2013-10-26 12:20:31,538 - Velocimacro : adding VMs from VM library template : VM_global_library.vm
2013-10-26 12:20:31,546 - ResourceManager : unable to find resource 'VM_global_library.vm' in any resource loader.
2013-10-26 12:20:31,546 - Velocimacro : error using  VM library template VM_global_library.vm : org.apache.velocity.exception.ResourceNotFoundException: Unable to find resource 'VM_global_library.vm'
2013-10-26 12:20:31,546 - Velocimacro :  VM library template macro registration complete.
2013-10-26 12:20:31,546 - Velocimacro : allowInline = true : VMs can be defined inline in templates
2013-10-26 12:20:31,547 - Velocimacro : allowInlineToOverride = false : VMs defined inline may NOT replace previous VM definitions
2013-10-26 12:20:31,547 - Velocimacro : allowInlineLocal = false : VMs defined inline will be  global in scope if allowed.
2013-10-26 12:20:31,547 - Velocimacro : messages on  : VM system will output logging messages
2013-10-26 12:20:31,547 - Velocimacro : autoload off  : VM system will not automatically reload global library macros
2013-10-26 12:20:31,547 - Velocimacro : initialization complete.
2013-10-26 12:20:31,547 - Velocity successfully started.
2013-10-26 13:24:51,104 - SimpleLog4JLogSystem initialized using logfile 'velocity.log'
2013-10-26 13:24:51,122 - SimpleLog4JLogSystem initialized using logfile 'velocity.log'
2013-10-26 13:24:51,133 - ************************************************************** 
2013-10-26 13:24:51,133 - Starting Jakarta Velocity v1.4
2013-10-26 13:24:51,133 - RuntimeInstance initializing.
2013-10-26 13:24:51,133 - Default Properties File: org/apache/velocity/runtime/defaults/velocity.properties
2013-10-26 13:24:51,134 - Trying to use logger class org.apache.velocity.runtime.log.SimpleLog4JLogSystem
2013-10-26 13:24:51,134 - Using logger class org.apache.velocity.runtime.log.SimpleLog4JLogSystem
2013-10-26 13:24:51,138 - Default ResourceManager initializing. (class org.apache.velocity.runtime.resource.ResourceManagerImpl)
2013-10-26 13:24:51,145 - Resource Loader Instantiated: org.apache.velocity.runtime.resource.loader.ClasspathResourceLoader
2013-10-26 13:24:51,146 - ClasspathResourceLoader : initialization starting.
2013-10-26 13:24:51,146 - ClasspathResourceLoader : initialization complete.
2013-10-26 13:24:51,147 - ResourceCache : initialized. (class org.apache.velocity.runtime.resource.ResourceCacheImpl)
2013-10-26 13:24:51,148 - Default ResourceManager initialization complete.
2013-10-26 13:24:51,149 - Loaded System Directive: org.apache.velocity.runtime.directive.Literal
2013-10-26 13:24:51,140 - ************************************************************** 
2013-10-26 13:24:51,153 - Loaded System Directive: org.apache.velocity.runtime.directive.Macro
2013-10-26 13:24:51,156 - Loaded System Directive: org.apache.velocity.runtime.directive.Parse
2013-10-26 13:24:51,150 - Starting Jakarta Velocity v1.4
2013-10-26 13:24:51,156 - RuntimeInstance initializing.
2013-10-26 13:24:51,156 - Default Properties File: org/apache/velocity/runtime/defaults/velocity.properties
2013-10-26 13:24:51,156 - Trying to use logger class org.apache.velocity.runtime.log.SimpleLog4JLogSystem
2013-10-26 13:24:51,156 - Using logger class org.apache.velocity.runtime.log.SimpleLog4JLogSystem
2013-10-26 13:24:51,158 - Loaded System Directive: org.apache.velocity.runtime.directive.Include
2013-10-26 13:24:51,159 - Loaded System Directive: org.apache.velocity.runtime.directive.Foreach
2013-10-26 13:24:51,159 - Default ResourceManager initializing. (class org.apache.velocity.runtime.resource.ResourceManagerImpl)
2013-10-26 13:24:51,162 - Resource Loader Instantiated: org.apache.velocity.runtime.resource.loader.ClasspathResourceLoader
2013-10-26 13:24:51,163 - ClasspathResourceLoader : initialization starting.
2013-10-26 13:24:51,163 - ClasspathResourceLoader : initialization complete.
2013-10-26 13:24:51,164 - ResourceCache : initialized. (class org.apache.velocity.runtime.resource.ResourceCacheImpl)
2013-10-26 13:24:51,164 - Default ResourceManager initialization complete.
2013-10-26 13:24:51,179 - Loaded System Directive: org.apache.velocity.runtime.directive.Literal
2013-10-26 13:24:51,181 - Loaded System Directive: org.apache.velocity.runtime.directive.Macro
2013-10-26 13:24:51,184 - Loaded System Directive: org.apache.velocity.runtime.directive.Parse
2013-10-26 13:24:51,187 - Loaded System Directive: org.apache.velocity.runtime.directive.Include
2013-10-26 13:24:51,188 - Loaded System Directive: org.apache.velocity.runtime.directive.Foreach
2013-10-26 13:24:51,205 - Created: 20 parsers.
2013-10-26 13:24:51,213 - Velocimacro : initialization starting.
2013-10-26 13:24:51,213 - Velocimacro : adding VMs from VM library template : VM_global_library.vm
2013-10-26 13:24:51,234 - ResourceManager : unable to find resource 'VM_global_library.vm' in any resource loader.
2013-10-26 13:24:51,234 - Velocimacro : error using  VM library template VM_global_library.vm : org.apache.velocity.exception.ResourceNotFoundException: Unable to find resource 'VM_global_library.vm'
2013-10-26 13:24:51,234 - Velocimacro :  VM library template macro registration complete.
2013-10-26 13:24:51,234 - Velocimacro : allowInline = true : VMs can be defined inline in templates
2013-10-26 13:24:51,234 - Velocimacro : allowInlineToOverride = false : VMs defined inline may NOT replace previous VM definitions
2013-10-26 13:24:51,235 - Velocimacro : allowInlineLocal = false : VMs defined inline will be  global in scope if allowed.
2013-10-26 13:24:51,235 - Velocimacro : messages on  : VM system will output logging messages
2013-10-26 13:24:51,235 - Velocimacro : autoload off  : VM system will not automatically reload global library macros
2013-10-26 13:24:51,235 - Velocimacro : initialization complete.
2013-10-26 13:24:51,235 - Velocity successfully started.
2013-10-26 13:24:51,254 - Created: 20 parsers.
2013-10-26 13:24:51,261 - Velocimacro : initialization starting.
2013-10-26 13:24:51,261 - Velocimacro : adding VMs from VM library template : VM_global_library.vm
2013-10-26 13:24:51,266 - ResourceManager : unable to find resource 'VM_global_library.vm' in any resource loader.
2013-10-26 13:24:51,267 - Velocimacro : error using  VM library template VM_global_library.vm : org.apache.velocity.exception.ResourceNotFoundException: Unable to find resource 'VM_global_library.vm'
2013-10-26 13:24:51,267 - Velocimacro :  VM library template macro registration complete.
2013-10-26 13:24:51,267 - Velocimacro : allowInline = true : VMs can be defined inline in templates
2013-10-26 13:24:51,267 - Velocimacro : allowInlineToOverride = false : VMs defined inline may NOT replace previous VM definitions
2013-10-26 13:24:51,267 - Velocimacro : allowInlineLocal = false : VMs defined inline will be  global in scope if allowed.
2013-10-26 13:24:51,267 - Velocimacro : messages on  : VM system will output logging messages
2013-10-26 13:24:51,267 - Velocimacro : autoload off  : VM system will not automatically reload global library macros
2013-10-26 13:24:51,267 - Velocimacro : initialization complete.
2013-10-26 13:24:51,267 - Velocity successfully started.
2013-10-26 20:27:16,048 - SimpleLog4JLogSystem initialized using logfile 'velocity.log'
2013-10-26 20:27:16,070 - ************************************************************** 
2013-10-26 20:27:16,070 - Starting Jakarta Velocity v1.4
2013-10-26 20:27:16,070 - RuntimeInstance initializing.
2013-10-26 20:27:16,070 - Default Properties File: org/apache/velocity/runtime/defaults/velocity.properties
2013-10-26 20:27:16,070 - Trying to use logger class org.apache.velocity.runtime.log.SimpleLog4JLogSystem
2013-10-26 20:27:16,070 - Using logger class org.apache.velocity.runtime.log.SimpleLog4JLogSystem
2013-10-26 20:27:16,074 - Default ResourceManager initializing. (class org.apache.velocity.runtime.resource.ResourceManagerImpl)
2013-10-26 20:27:16,077 - Resource Loader Instantiated: org.apache.velocity.runtime.resource.loader.ClasspathResourceLoader
2013-10-26 20:27:16,077 - ClasspathResourceLoader : initialization starting.
2013-10-26 20:27:16,077 - ClasspathResourceLoader : initialization complete.
2013-10-26 20:27:16,078 - ResourceCache : initialized. (class org.apache.velocity.runtime.resource.ResourceCacheImpl)
2013-10-26 20:27:16,079 - Default ResourceManager initialization complete.
2013-10-26 20:27:16,080 - Loaded System Directive: org.apache.velocity.runtime.directive.Literal
2013-10-26 20:27:16,082 - Loaded System Directive: org.apache.velocity.runtime.directive.Macro
2013-10-26 20:27:16,086 - Loaded System Directive: org.apache.velocity.runtime.directive.Parse
2013-10-26 20:27:16,088 - Loaded System Directive: org.apache.velocity.runtime.directive.Include
2013-10-26 20:27:16,089 - Loaded System Directive: org.apache.velocity.runtime.directive.Foreach
2013-10-26 20:27:16,127 - Created: 20 parsers.
2013-10-26 20:27:16,134 - Velocimacro : initialization starting.
2013-10-26 20:27:16,134 - Velocimacro : adding VMs from VM library template : VM_global_library.vm
2013-10-26 20:27:16,140 - ResourceManager : unable to find resource 'VM_global_library.vm' in any resource loader.
2013-10-26 20:27:16,140 - Velocimacro : error using  VM library template VM_global_library.vm : org.apache.velocity.exception.ResourceNotFoundException: Unable to find resource 'VM_global_library.vm'
2013-10-26 20:27:16,140 - Velocimacro :  VM library template macro registration complete.
2013-10-26 20:27:16,140 - Velocimacro : allowInline = true : VMs can be defined inline in templates
2013-10-26 20:27:16,140 - Velocimacro : allowInlineToOverride = false : VMs defined inline may NOT replace previous VM definitions
2013-10-26 20:27:16,140 - Velocimacro : allowInlineLocal = false : VMs defined inline will be  global in scope if allowed.
2013-10-26 20:27:16,140 - Velocimacro : messages on  : VM system will output logging messages
2013-10-26 20:27:16,140 - Velocimacro : autoload off  : VM system will not automatically reload global library macros
2013-10-26 20:27:16,140 - Velocimacro : initialization complete.
2013-10-26 20:27:16,140 - Velocity successfully started.
2013-10-26 20:27:58,003 - SimpleLog4JLogSystem initialized using logfile 'velocity.log'
2013-10-26 20:27:58,004 - ************************************************************** 
2013-10-26 20:27:58,004 - Starting Jakarta Velocity v1.4
2013-10-26 20:27:58,004 - RuntimeInstance initializing.
2013-10-26 20:27:58,004 - Default Properties File: org/apache/velocity/runtime/defaults/velocity.properties
2013-10-26 20:27:58,004 - Trying to use logger class org.apache.velocity.runtime.log.SimpleLog4JLogSystem
2013-10-26 20:27:58,004 - Using logger class org.apache.velocity.runtime.log.SimpleLog4JLogSystem
2013-10-26 20:27:58,007 - Default ResourceManager initializing. (class org.apache.velocity.runtime.resource.ResourceManagerImpl)
2013-10-26 20:27:58,010 - Resource Loader Instantiated: org.apache.velocity.runtime.resource.loader.ClasspathResourceLoader
2013-10-26 20:27:58,010 - ClasspathResourceLoader : initialization starting.
2013-10-26 20:27:58,011 - ClasspathResourceLoader : initialization complete.
2013-10-26 20:27:58,012 - ResourceCache : initialized. (class org.apache.velocity.runtime.resource.ResourceCacheImpl)
2013-10-26 20:27:58,012 - Default ResourceManager initialization complete.
2013-10-26 20:27:58,014 - Loaded System Directive: org.apache.velocity.runtime.directive.Literal
2013-10-26 20:27:58,016 - Loaded System Directive: org.apache.velocity.runtime.directive.Macro
2013-10-26 20:27:58,019 - Loaded System Directive: org.apache.velocity.runtime.directive.Parse
2013-10-26 20:27:58,021 - Loaded System Directive: org.apache.velocity.runtime.directive.Include
2013-10-26 20:27:58,022 - Loaded System Directive: org.apache.velocity.runtime.directive.Foreach
2013-10-26 20:27:58,064 - Created: 20 parsers.
2013-10-26 20:27:58,071 - Velocimacro : initialization starting.
2013-10-26 20:27:58,071 - Velocimacro : adding VMs from VM library template : VM_global_library.vm
2013-10-26 20:27:58,076 - ResourceManager : unable to find resource 'VM_global_library.vm' in any resource loader.
2013-10-26 20:27:58,076 - Velocimacro : error using  VM library template VM_global_library.vm : org.apache.velocity.exception.ResourceNotFoundException: Unable to find resource 'VM_global_library.vm'
2013-10-26 20:27:58,077 - Velocimacro :  VM library template macro registration complete.
2013-10-26 20:27:58,077 - Velocimacro : allowInline = true : VMs can be defined inline in templates
2013-10-26 20:27:58,077 - Velocimacro : allowInlineToOverride = false : VMs defined inline may NOT replace previous VM definitions
2013-10-26 20:27:58,077 - Velocimacro : allowInlineLocal = false : VMs defined inline will be  global in scope if allowed.
2013-10-26 20:27:58,077 - Velocimacro : messages on  : VM system will output logging messages
2013-10-26 20:27:58,077 - Velocimacro : autoload off  : VM system will not automatically reload global library macros
2013-10-26 20:27:58,077 - Velocimacro : initialization complete.
2013-10-26 20:27:58,077 - Velocity successfully started.
2013-10-26 21:00:58,778 - SimpleLog4JLogSystem initialized using logfile 'velocity.log'
2013-10-26 21:00:58,801 - ************************************************************** 
2013-10-26 21:00:58,802 - Starting Jakarta Velocity v1.4
2013-10-26 21:00:58,802 - RuntimeInstance initializing.
2013-10-26 21:00:58,802 - Default Properties File: org/apache/velocity/runtime/defaults/velocity.properties
2013-10-26 21:00:58,802 - Trying to use logger class org.apache.velocity.runtime.log.SimpleLog4JLogSystem
2013-10-26 21:00:58,802 - Using logger class org.apache.velocity.runtime.log.SimpleLog4JLogSystem
2013-10-26 21:00:58,805 - Default ResourceManager initializing. (class org.apache.velocity.runtime.resource.ResourceManagerImpl)
2013-10-26 21:00:58,820 - Resource Loader Instantiated: org.apache.velocity.runtime.resource.loader.ClasspathResourceLoader
2013-10-26 21:00:58,820 - ClasspathResourceLoader : initialization starting.
2013-10-26 21:00:58,820 - ClasspathResourceLoader : initialization complete.
2013-10-26 21:00:58,822 - ResourceCache : initialized. (class org.apache.velocity.runtime.resource.ResourceCacheImpl)
2013-10-26 21:00:58,822 - Default ResourceManager initialization complete.
2013-10-26 21:00:58,824 - Loaded System Directive: org.apache.velocity.runtime.directive.Literal
2013-10-26 21:00:58,825 - Loaded System Directive: org.apache.velocity.runtime.directive.Macro
2013-10-26 21:00:58,828 - Loaded System Directive: org.apache.velocity.runtime.directive.Parse
2013-10-26 21:00:58,830 - Loaded System Directive: org.apache.velocity.runtime.directive.Include
2013-10-26 21:00:58,831 - Loaded System Directive: org.apache.velocity.runtime.directive.Foreach
2013-10-26 21:00:58,871 - Created: 20 parsers.
2013-10-26 21:00:58,877 - Velocimacro : initialization starting.
2013-10-26 21:00:58,878 - Velocimacro : adding VMs from VM library template : VM_global_library.vm
2013-10-26 21:00:58,884 - ResourceManager : unable to find resource 'VM_global_library.vm' in any resource loader.
2013-10-26 21:00:58,884 - Velocimacro : error using  VM library template VM_global_library.vm : org.apache.velocity.exception.ResourceNotFoundException: Unable to find resource 'VM_global_library.vm'
2013-10-26 21:00:58,884 - Velocimacro :  VM library template macro registration complete.
2013-10-26 21:00:58,884 - Velocimacro : allowInline = true : VMs can be defined inline in templates
2013-10-26 21:00:58,884 - Velocimacro : allowInlineToOverride = false : VMs defined inline may NOT replace previous VM definitions
2013-10-26 21:00:58,884 - Velocimacro : allowInlineLocal = false : VMs defined inline will be  global in scope if allowed.
2013-10-26 21:00:58,884 - Velocimacro : messages on  : VM system will output logging messages
2013-10-26 21:00:58,885 - Velocimacro : autoload off  : VM system will not automatically reload global library macros
2013-10-26 21:00:58,885 - Velocimacro : initialization complete.
2013-10-26 21:00:58,885 - Velocity successfully started.
2013-10-26 21:12:30,904 - SimpleLog4JLogSystem initialized using logfile 'velocity.log'
2013-10-26 21:12:30,904 - ************************************************************** 
2013-10-26 21:12:30,904 - Starting Jakarta Velocity v1.4
2013-10-26 21:12:30,904 - RuntimeInstance initializing.
2013-10-26 21:12:30,904 - Default Properties File: org/apache/velocity/runtime/defaults/velocity.properties
2013-10-26 21:12:30,904 - Trying to use logger class org.apache.velocity.runtime.log.SimpleLog4JLogSystem
2013-10-26 21:12:30,904 - Using logger class org.apache.velocity.runtime.log.SimpleLog4JLogSystem
2013-10-26 21:12:30,908 - Default ResourceManager initializing. (class org.apache.velocity.runtime.resource.ResourceManagerImpl)
2013-10-26 21:12:30,911 - Resource Loader Instantiated: org.apache.velocity.runtime.resource.loader.ClasspathResourceLoader
2013-10-26 21:12:30,911 - ClasspathResourceLoader : initialization starting.
2013-10-26 21:12:30,911 - ClasspathResourceLoader : initialization complete.
2013-10-26 21:12:30,913 - ResourceCache : initialized. (class org.apache.velocity.runtime.resource.ResourceCacheImpl)
2013-10-26 21:12:30,913 - Default ResourceManager initialization complete.
2013-10-26 21:12:30,915 - Loaded System Directive: org.apache.velocity.runtime.directive.Literal
2013-10-26 21:12:30,917 - Loaded System Directive: org.apache.velocity.runtime.directive.Macro
2013-10-26 21:12:30,919 - Loaded System Directive: org.apache.velocity.runtime.directive.Parse
2013-10-26 21:12:30,922 - Loaded System Directive: org.apache.velocity.runtime.directive.Include
2013-10-26 21:12:30,923 - Loaded System Directive: org.apache.velocity.runtime.directive.Foreach
2013-10-26 21:12:30,962 - Created: 20 parsers.
2013-10-26 21:12:30,969 - Velocimacro : initialization starting.
2013-10-26 21:12:30,969 - Velocimacro : adding VMs from VM library template : VM_global_library.vm
2013-10-26 21:12:30,975 - ResourceManager : unable to find resource 'VM_global_library.vm' in any resource loader.
2013-10-26 21:12:30,975 - Velocimacro : error using  VM library template VM_global_library.vm : org.apache.velocity.exception.ResourceNotFoundException: Unable to find resource 'VM_global_library.vm'
2013-10-26 21:12:30,975 - Velocimacro :  VM library template macro registration complete.
2013-10-26 21:12:30,975 - Velocimacro : allowInline = true : VMs can be defined inline in templates
2013-10-26 21:12:30,975 - Velocimacro : allowInlineToOverride = false : VMs defined inline may NOT replace previous VM definitions
2013-10-26 21:12:30,975 - Velocimacro : allowInlineLocal = false : VMs defined inline will be  global in scope if allowed.
2013-10-26 21:12:30,975 - Velocimacro : messages on  : VM system will output logging messages
2013-10-26 21:12:30,975 - Velocimacro : autoload off  : VM system will not automatically reload global library macros
2013-10-26 21:12:30,975 - Velocimacro : initialization complete.
2013-10-26 21:12:30,975 - Velocity successfully started.
2013-10-26 21:17:39,067 - SimpleLog4JLogSystem initialized using logfile 'velocity.log'
2013-10-26 21:17:39,067 - ************************************************************** 
2013-10-26 21:17:39,067 - Starting Jakarta Velocity v1.4
2013-10-26 21:17:39,067 - RuntimeInstance initializing.
2013-10-26 21:17:39,067 - Default Properties File: org/apache/velocity/runtime/defaults/velocity.properties
2013-10-26 21:17:39,067 - Trying to use logger class org.apache.velocity.runtime.log.SimpleLog4JLogSystem
2013-10-26 21:17:39,068 - Using logger class org.apache.velocity.runtime.log.SimpleLog4JLogSystem
2013-10-26 21:17:39,071 - Default ResourceManager initializing. (class org.apache.velocity.runtime.resource.ResourceManagerImpl)
2013-10-26 21:17:39,073 - Resource Loader Instantiated: org.apache.velocity.runtime.resource.loader.ClasspathResourceLoader
2013-10-26 21:17:39,074 - ClasspathResourceLoader : initialization starting.
2013-10-26 21:17:39,074 - ClasspathResourceLoader : initialization complete.
2013-10-26 21:17:39,075 - ResourceCache : initialized. (class org.apache.velocity.runtime.resource.ResourceCacheImpl)
2013-10-26 21:17:39,075 - Default ResourceManager initialization complete.
2013-10-26 21:17:39,076 - Loaded System Directive: org.apache.velocity.runtime.directive.Literal
2013-10-26 21:17:39,078 - Loaded System Directive: org.apache.velocity.runtime.directive.Macro
2013-10-26 21:17:39,080 - Loaded System Directive: org.apache.velocity.runtime.directive.Parse
2013-10-26 21:17:39,082 - Loaded System Directive: org.apache.velocity.runtime.directive.Include
2013-10-26 21:17:39,083 - Loaded System Directive: org.apache.velocity.runtime.directive.Foreach
2013-10-26 21:17:39,120 - Created: 20 parsers.
2013-10-26 21:17:39,127 - Velocimacro : initialization starting.
2013-10-26 21:17:39,127 - Velocimacro : adding VMs from VM library template : VM_global_library.vm
2013-10-26 21:17:39,132 - ResourceManager : unable to find resource 'VM_global_library.vm' in any resource loader.
2013-10-26 21:17:39,133 - Velocimacro : error using  VM library template VM_global_library.vm : org.apache.velocity.exception.ResourceNotFoundException: Unable to find resource 'VM_global_library.vm'
2013-10-26 21:17:39,133 - Velocimacro :  VM library template macro registration complete.
2013-10-26 21:17:39,133 - Velocimacro : allowInline = true : VMs can be defined inline in templates
2013-10-26 21:17:39,133 - Velocimacro : allowInlineToOverride = false : VMs defined inline may NOT replace previous VM definitions
2013-10-26 21:17:39,133 - Velocimacro : allowInlineLocal = false : VMs defined inline will be  global in scope if allowed.
2013-10-26 21:17:39,133 - Velocimacro : messages on  : VM system will output logging messages
2013-10-26 21:17:39,133 - Velocimacro : autoload off  : VM system will not automatically reload global library macros
2013-10-26 21:17:39,133 - Velocimacro : initialization complete.
2013-10-26 21:17:39,133 - Velocity successfully started.
2013-10-26 21:21:07,950 - SimpleLog4JLogSystem initialized using logfile 'velocity.log'
2013-10-26 21:21:07,951 - ************************************************************** 
2013-10-26 21:21:07,951 - Starting Jakarta Velocity v1.4
2013-10-26 21:21:07,951 - RuntimeInstance initializing.
2013-10-26 21:21:07,951 - Default Properties File: org/apache/velocity/runtime/defaults/velocity.properties
2013-10-26 21:21:07,951 - Trying to use logger class org.apache.velocity.runtime.log.SimpleLog4JLogSystem
2013-10-26 21:21:07,951 - Using logger class org.apache.velocity.runtime.log.SimpleLog4JLogSystem
2013-10-26 21:21:07,963 - Default ResourceManager initializing. (class org.apache.velocity.runtime.resource.ResourceManagerImpl)
2013-10-26 21:21:07,967 - Resource Loader Instantiated: org.apache.velocity.runtime.resource.loader.ClasspathResourceLoader
2013-10-26 21:21:07,967 - ClasspathResourceLoader : initialization starting.
2013-10-26 21:21:07,967 - ClasspathResourceLoader : initialization complete.
2013-10-26 21:21:07,969 - ResourceCache : initialized. (class org.apache.velocity.runtime.resource.ResourceCacheImpl)
2013-10-26 21:21:07,969 - Default ResourceManager initialization complete.
2013-10-26 21:21:07,971 - Loaded System Directive: org.apache.velocity.runtime.directive.Literal
2013-10-26 21:21:07,973 - Loaded System Directive: org.apache.velocity.runtime.directive.Macro
2013-10-26 21:21:07,975 - Loaded System Directive: org.apache.velocity.runtime.directive.Parse
2013-10-26 21:21:07,977 - Loaded System Directive: org.apache.velocity.runtime.directive.Include
2013-10-26 21:21:07,979 - Loaded System Directive: org.apache.velocity.runtime.directive.Foreach
2013-10-26 21:21:08,015 - Created: 20 parsers.
2013-10-26 21:21:08,040 - Velocimacro : initialization starting.
2013-10-26 21:21:08,040 - Velocimacro : adding VMs from VM library template : VM_global_library.vm
2013-10-26 21:21:08,046 - ResourceManager : unable to find resource 'VM_global_library.vm' in any resource loader.
2013-10-26 21:21:08,046 - Velocimacro : error using  VM library template VM_global_library.vm : org.apache.velocity.exception.ResourceNotFoundException: Unable to find resource 'VM_global_library.vm'
2013-10-26 21:21:08,046 - Velocimacro :  VM library template macro registration complete.
2013-10-26 21:21:08,046 - Velocimacro : allowInline = true : VMs can be defined inline in templates
2013-10-26 21:21:08,046 - Velocimacro : allowInlineToOverride = false : VMs defined inline may NOT replace previous VM definitions
2013-10-26 21:21:08,046 - Velocimacro : allowInlineLocal = false : VMs defined inline will be  global in scope if allowed.
2013-10-26 21:21:08,046 - Velocimacro : messages on  : VM system will output logging messages
2013-10-26 21:21:08,046 - Velocimacro : autoload off  : VM system will not automatically reload global library macros
2013-10-26 21:21:08,047 - Velocimacro : initialization complete.
2013-10-26 21:21:08,047 - Velocity successfully started.
2013-10-26 21:26:39,021 - SimpleLog4JLogSystem initialized using logfile 'velocity.log'
2013-10-26 21:26:39,022 - ************************************************************** 
2013-10-26 21:26:39,022 - Starting Jakarta Velocity v1.4
2013-10-26 21:26:39,022 - RuntimeInstance initializing.
2013-10-26 21:26:39,022 - Default Properties File: org/apache/velocity/runtime/defaults/velocity.properties
2013-10-26 21:26:39,022 - Trying to use logger class org.apache.velocity.runtime.log.SimpleLog4JLogSystem
2013-10-26 21:26:39,022 - Using logger class org.apache.velocity.runtime.log.SimpleLog4JLogSystem
2013-10-26 21:26:39,025 - Default ResourceManager initializing. (class org.apache.velocity.runtime.resource.ResourceManagerImpl)
2013-10-26 21:26:39,028 - Resource Loader Instantiated: org.apache.velocity.runtime.resource.loader.ClasspathResourceLoader
2013-10-26 21:26:39,029 - ClasspathResourceLoader : initialization starting.
2013-10-26 21:26:39,029 - ClasspathResourceLoader : initialization complete.
2013-10-26 21:26:39,030 - ResourceCache : initialized. (class org.apache.velocity.runtime.resource.ResourceCacheImpl)
2013-10-26 21:26:39,030 - Default ResourceManager initialization complete.
2013-10-26 21:26:39,032 - Loaded System Directive: org.apache.velocity.runtime.directive.Literal
2013-10-26 21:26:39,034 - Loaded System Directive: org.apache.velocity.runtime.directive.Macro
2013-10-26 21:26:39,037 - Loaded System Directive: org.apache.velocity.runtime.directive.Parse
2013-10-26 21:26:39,039 - Loaded System Directive: org.apache.velocity.runtime.directive.Include
2013-10-26 21:26:39,040 - Loaded System Directive: org.apache.velocity.runtime.directive.Foreach
2013-10-26 21:26:39,081 - Created: 20 parsers.
2013-10-26 21:26:39,093 - Velocimacro : initialization starting.
2013-10-26 21:26:39,093 - Velocimacro : adding VMs from VM library template : VM_global_library.vm
2013-10-26 21:26:39,100 - ResourceManager : unable to find resource 'VM_global_library.vm' in any resource loader.
2013-10-26 21:26:39,100 - Velocimacro : error using  VM library template VM_global_library.vm : org.apache.velocity.exception.ResourceNotFoundException: Unable to find resource 'VM_global_library.vm'
2013-10-26 21:26:39,100 - Velocimacro :  VM library template macro registration complete.
2013-10-26 21:26:39,101 - Velocimacro : allowInline = true : VMs can be defined inline in templates
2013-10-26 21:26:39,101 - Velocimacro : allowInlineToOverride = false : VMs defined inline may NOT replace previous VM definitions
2013-10-26 21:26:39,101 - Velocimacro : allowInlineLocal = false : VMs defined inline will be  global in scope if allowed.
2013-10-26 21:26:39,101 - Velocimacro : messages on  : VM system will output logging messages
2013-10-26 21:26:39,101 - Velocimacro : autoload off  : VM system will not automatically reload global library macros
2013-10-26 21:26:39,101 - Velocimacro : initialization complete.
2013-10-26 21:26:39,101 - Velocity successfully started.
2013-10-26 21:27:14,949 - SimpleLog4JLogSystem initialized using logfile 'velocity.log'
2013-10-26 21:27:14,949 - ************************************************************** 
2013-10-26 21:27:14,949 - Starting Jakarta Velocity v1.4
2013-10-26 21:27:14,950 - RuntimeInstance initializing.
2013-10-26 21:27:14,950 - Default Properties File: org/apache/velocity/runtime/defaults/velocity.properties
2013-10-26 21:27:14,950 - Trying to use logger class org.apache.velocity.runtime.log.SimpleLog4JLogSystem
2013-10-26 21:27:14,950 - Using logger class org.apache.velocity.runtime.log.SimpleLog4JLogSystem
2013-10-26 21:27:14,954 - Default ResourceManager initializing. (class org.apache.velocity.runtime.resource.ResourceManagerImpl)
2013-10-26 21:27:14,965 - Resource Loader Instantiated: org.apache.velocity.runtime.resource.loader.ClasspathResourceLoader
2013-10-26 21:27:14,966 - ClasspathResourceLoader : initialization starting.
2013-10-26 21:27:14,966 - ClasspathResourceLoader : initialization complete.
2013-10-26 21:27:14,968 - ResourceCache : initialized. (class org.apache.velocity.runtime.resource.ResourceCacheImpl)
2013-10-26 21:27:14,969 - Default ResourceManager initialization complete.
2013-10-26 21:27:14,971 - Loaded System Directive: org.apache.velocity.runtime.directive.Literal
2013-10-26 21:27:14,973 - Loaded System Directive: org.apache.velocity.runtime.directive.Macro
2013-10-26 21:27:14,976 - Loaded System Directive: org.apache.velocity.runtime.directive.Parse
2013-10-26 21:27:14,979 - Loaded System Directive: org.apache.velocity.runtime.directive.Include
2013-10-26 21:27:14,980 - Loaded System Directive: org.apache.velocity.runtime.directive.Foreach
2013-10-26 21:27:15,019 - Created: 20 parsers.
2013-10-26 21:27:15,030 - Velocimacro : initialization starting.
2013-10-26 21:27:15,030 - Velocimacro : adding VMs from VM library template : VM_global_library.vm
2013-10-26 21:27:15,040 - ResourceManager : unable to find resource 'VM_global_library.vm' in any resource loader.
2013-10-26 21:27:15,040 - Velocimacro : error using  VM library template VM_global_library.vm : org.apache.velocity.exception.ResourceNotFoundException: Unable to find resource 'VM_global_library.vm'
2013-10-26 21:27:15,040 - Velocimacro :  VM library template macro registration complete.
2013-10-26 21:27:15,040 - Velocimacro : allowInline = true : VMs can be defined inline in templates
2013-10-26 21:27:15,040 - Velocimacro : allowInlineToOverride = false : VMs defined inline may NOT replace previous VM definitions
2013-10-26 21:27:15,040 - Velocimacro : allowInlineLocal = false : VMs defined inline will be  global in scope if allowed.
2013-10-26 21:27:15,040 - Velocimacro : messages on  : VM system will output logging messages
2013-10-26 21:27:15,040 - Velocimacro : autoload off  : VM system will not automatically reload global library macros
2013-10-26 21:27:15,041 - Velocimacro : initialization complete.
2013-10-26 21:27:15,041 - Velocity successfully started.
2013-10-26 21:38:26,032 - SimpleLog4JLogSystem initialized using logfile 'velocity.log'
2013-10-26 21:38:26,033 - ************************************************************** 
2013-10-26 21:38:26,033 - Starting Jakarta Velocity v1.4
2013-10-26 21:38:26,033 - RuntimeInstance initializing.
2013-10-26 21:38:26,033 - Default Properties File: org/apache/velocity/runtime/defaults/velocity.properties
2013-10-26 21:38:26,033 - Trying to use logger class org.apache.velocity.runtime.log.SimpleLog4JLogSystem
2013-10-26 21:38:26,033 - Using logger class org.apache.velocity.runtime.log.SimpleLog4JLogSystem
2013-10-26 21:38:26,043 - Default ResourceManager initializing. (class org.apache.velocity.runtime.resource.ResourceManagerImpl)
2013-10-26 21:38:26,047 - Resource Loader Instantiated: org.apache.velocity.runtime.resource.loader.ClasspathResourceLoader
2013-10-26 21:38:26,047 - ClasspathResourceLoader : initialization starting.
2013-10-26 21:38:26,047 - ClasspathResourceLoader : initialization complete.
2013-10-26 21:38:26,049 - ResourceCache : initialized. (class org.apache.velocity.runtime.resource.ResourceCacheImpl)
2013-10-26 21:38:26,049 - Default ResourceManager initialization complete.
2013-10-26 21:38:26,051 - Loaded System Directive: org.apache.velocity.runtime.directive.Literal
2013-10-26 21:38:26,054 - Loaded System Directive: org.apache.velocity.runtime.directive.Macro
2013-10-26 21:38:26,057 - Loaded System Directive: org.apache.velocity.runtime.directive.Parse
2013-10-26 21:38:26,060 - Loaded System Directive: org.apache.velocity.runtime.directive.Include
2013-10-26 21:38:26,061 - Loaded System Directive: org.apache.velocity.runtime.directive.Foreach
2013-10-26 21:38:26,099 - Created: 20 parsers.
2013-10-26 21:38:26,110 - Velocimacro : initialization starting.
2013-10-26 21:38:26,110 - Velocimacro : adding VMs from VM library template : VM_global_library.vm
2013-10-26 21:38:26,120 - ResourceManager : unable to find resource 'VM_global_library.vm' in any resource loader.
2013-10-26 21:38:26,120 - Velocimacro : error using  VM library template VM_global_library.vm : org.apache.velocity.exception.ResourceNotFoundException: Unable to find resource 'VM_global_library.vm'
2013-10-26 21:38:26,120 - Velocimacro :  VM library template macro registration complete.
2013-10-26 21:38:26,121 - Velocimacro : allowInline = true : VMs can be defined inline in templates
2013-10-26 21:38:26,121 - Velocimacro : allowInlineToOverride = false : VMs defined inline may NOT replace previous VM definitions
2013-10-26 21:38:26,121 - Velocimacro : allowInlineLocal = false : VMs defined inline will be  global in scope if allowed.
2013-10-26 21:38:26,121 - Velocimacro : messages on  : VM system will output logging messages
2013-10-26 21:38:26,121 - Velocimacro : autoload off  : VM system will not automatically reload global library macros
2013-10-26 21:38:26,121 - Velocimacro : initialization complete.
2013-10-26 21:38:26,121 - Velocity successfully started.
2013-10-26 21:47:51,770 - SimpleLog4JLogSystem initialized using logfile 'velocity.log'
2013-10-26 21:47:51,785 - ************************************************************** 
2013-10-26 21:47:51,785 - Starting Jakarta Velocity v1.4
2013-10-26 21:47:51,785 - RuntimeInstance initializing.
2013-10-26 21:47:51,785 - Default Properties File: org/apache/velocity/runtime/defaults/velocity.properties
2013-10-26 21:47:51,785 - Trying to use logger class org.apache.velocity.runtime.log.SimpleLog4JLogSystem
2013-10-26 21:47:51,785 - Using logger class org.apache.velocity.runtime.log.SimpleLog4JLogSystem
2013-10-26 21:47:51,789 - Default ResourceManager initializing. (class org.apache.velocity.runtime.resource.ResourceManagerImpl)
2013-10-26 21:47:51,792 - Resource Loader Instantiated: org.apache.velocity.runtime.resource.loader.ClasspathResourceLoader
2013-10-26 21:47:51,792 - ClasspathResourceLoader : initialization starting.
2013-10-26 21:47:51,792 - ClasspathResourceLoader : initialization complete.
2013-10-26 21:47:51,794 - ResourceCache : initialized. (class org.apache.velocity.runtime.resource.ResourceCacheImpl)
2013-10-26 21:47:51,794 - Default ResourceManager initialization complete.
2013-10-26 21:47:51,796 - Loaded System Directive: org.apache.velocity.runtime.directive.Literal
2013-10-26 21:47:51,798 - Loaded System Directive: org.apache.velocity.runtime.directive.Macro
2013-10-26 21:47:51,800 - Loaded System Directive: org.apache.velocity.runtime.directive.Parse
2013-10-26 21:47:51,802 - Loaded System Directive: org.apache.velocity.runtime.directive.Include
2013-10-26 21:47:51,803 - Loaded System Directive: org.apache.velocity.runtime.directive.Foreach
2013-10-26 21:47:51,839 - Created: 20 parsers.
2013-10-26 21:47:51,846 - Velocimacro : initialization starting.
2013-10-26 21:47:51,846 - Velocimacro : adding VMs from VM library template : VM_global_library.vm
2013-10-26 21:47:51,851 - ResourceManager : unable to find resource 'VM_global_library.vm' in any resource loader.
2013-10-26 21:47:51,851 - Velocimacro : error using  VM library template VM_global_library.vm : org.apache.velocity.exception.ResourceNotFoundException: Unable to find resource 'VM_global_library.vm'
2013-10-26 21:47:51,851 - Velocimacro :  VM library template macro registration complete.
2013-10-26 21:47:51,851 - Velocimacro : allowInline = true : VMs can be defined inline in templates
2013-10-26 21:47:51,851 - Velocimacro : allowInlineToOverride = false : VMs defined inline may NOT replace previous VM definitions
2013-10-26 21:47:51,851 - Velocimacro : allowInlineLocal = false : VMs defined inline will be  global in scope if allowed.
2013-10-26 21:47:51,851 - Velocimacro : messages on  : VM system will output logging messages
2013-10-26 21:47:51,852 - Velocimacro : autoload off  : VM system will not automatically reload global library macros
2013-10-26 21:47:51,852 - Velocimacro : initialization complete.
2013-10-26 21:47:51,852 - Velocity successfully started.
